2022-08-03T02:13:53,842 [main] INFO  com.tosan.application.Application - Starting Application using Java 17.0.2 on Mehrad with PID 9024 (D:\programming\java\Tosan-P1\target\classes started by Mehrad in D:\programming\java\Tosan-P1)
2022-08-03T02:13:53,857 [main] INFO  com.tosan.application.Application - No active profile set, falling back to 1 default profile: "default"
2022-08-03T02:13:55,536 [main] INFO  o.s.b.w.e.tomcat.TomcatWebServer - Tomcat initialized with port(s): 8080 (http)
2022-08-03T02:13:55,549 [main] INFO  o.a.coyote.http11.Http11NioProtocol - Initializing ProtocolHandler ["http-nio-8080"]
2022-08-03T02:13:55,549 [main] INFO  o.a.catalina.core.StandardService - Starting service [Tomcat]
2022-08-03T02:13:55,550 [main] INFO  o.a.catalina.core.StandardEngine - Starting Servlet engine: [Apache Tomcat/9.0.65]
2022-08-03T02:13:55,693 [main] INFO  o.a.c.c.C.[Tomcat].[localhost].[/] - Initializing Spring embedded WebApplicationContext
2022-08-03T02:13:55,694 [main] INFO  o.s.b.w.s.c.ServletWebServerApplicationContext - Root WebApplicationContext: initialization completed in 1690 ms
2022-08-03T02:13:56,217 [main] INFO  o.a.coyote.http11.Http11NioProtocol - Starting ProtocolHandler ["http-nio-8080"]
2022-08-03T02:13:56,244 [main] INFO  o.s.b.w.e.tomcat.TomcatWebServer - Tomcat started on port(s): 8080 (http) with context path ''
2022-08-03T02:13:56,259 [main] INFO  com.tosan.application.Application - Started Application in 3.41 seconds (JVM running for 5.409)
2022-08-03T02:13:59,049 [http-nio-8080-exec-1] INFO  o.a.c.c.C.[Tomcat].[localhost].[/] - Initializing Spring DispatcherServlet 'dispatcherServlet'
2022-08-03T02:13:59,050 [http-nio-8080-exec-1] INFO  o.s.web.servlet.DispatcherServlet - Initializing Servlet 'dispatcherServlet'
2022-08-03T02:13:59,052 [http-nio-8080-exec-1] INFO  o.s.web.servlet.DispatcherServlet - Completed initialization in 2 ms
2022-08-03T02:13:59,073 [http-nio-8080-exec-1] INFO  LoggingServiceImpl - 
REQUEST:
   method = [GET]
   path = [/author]

2022-08-03T02:13:59,094 [http-nio-8080-exec-1] INFO  LoggingServiceImpl - 
RESPONSE:
   method = [GET]
   responseBody = [Mehrad Mehri]
   HTTP STATUS = 200

